[2026-01-30 04:20:36] local.ERROR: SQLSTATE[42S22]: Column not found: 1054 Unknown column 'severity_weight' in 'order clause' (Connection: mysql, SQL: select *, (JSON_CONTAINS(insight_records.review_ids, '58') + JSON_CONTAINS(insight_records.review_ids, '59') + JSON_CONTAINS(insight_records.review_ids, '104') + JSON_CONTAINS(insight_records.review_ids, '301') + JSON_CONTAINS(insight_records.review_ids, '303') + JSON_CONTAINS(insight_records.review_ids, '5') + JSON_CONTAINS(insight_records.review_ids, '11') + JSON_CONTAINS(insight_records.review_ids, '92') + JSON_CONTAINS(insight_records.review_ids, '107') + JSON_CONTAINS(insight_records.review_ids, '108') + JSON_CONTAINS(insight_records.review_ids, '6') + JSON_CONTAINS(insight_records.review_ids, '35') + JSON_CONTAINS(insight_records.review_ids, '85') + JSON_CONTAINS(insight_records.review_ids, '10') + JSON_CONTAINS(insight_records.review_ids, '40') + JSON_CONTAINS(insight_records.review_ids, '50') + JSON_CONTAINS(insight_records.review_ids, '60') + JSON_CONTAINS(insight_records.review_ids, '75') + JSON_CONTAINS(insight_records.review_ids, '137') + JSON_CONTAINS(insight_records.review_ids, '304')) as mentions from `insight_records` where `business_id` = 1 and ((json_contains(`review_ids`, 58) or json_contains(`review_ids`, 59) or json_contains(`review_ids`, 104) or json_contains(`review_ids`, 301) or json_contains(`review_ids`, 303) or json_contains(`review_ids`, 5) or json_contains(`review_ids`, 11) or json_contains(`review_ids`, 92) or json_contains(`review_ids`, 107) or json_contains(`review_ids`, 108) or json_contains(`review_ids`, 6) or json_contains(`review_ids`, 35) or json_contains(`review_ids`, 85) or json_contains(`review_ids`, 10) or json_contains(`review_ids`, 40) or json_contains(`review_ids`, 50) or json_contains(`review_ids`, 60) or json_contains(`review_ids`, 75) or json_contains(`review_ids`, 137) or json_contains(`review_ids`, 304))) having `mentions` >= 2 order by `severity_weight` desc, `mentions` desc limit 10) {"userId":2,"exception":"[object] (Illuminate\\Database\\QueryException(code: 42S22): SQLSTATE[42S22]: Column not found: 1054 Unknown column 'severity_weight' in 'order clause' (Connection: mysql, SQL: select *, (JSON_CONTAINS(insight_records.review_ids, '58') + JSON_CONTAINS(insight_records.review_ids, '59') + JSON_CONTAINS(insight_records.review_ids, '104') + JSON_CONTAINS(insight_records.review_ids, '301') + JSON_CONTAINS(insight_records.review_ids, '303') + JSON_CONTAINS(insight_records.review_ids, '5') + JSON_CONTAINS(insight_records.review_ids, '11') + JSON_CONTAINS(insight_records.review_ids, '92') + JSON_CONTAINS(insight_records.review_ids, '107') + JSON_CONTAINS(insight_records.review_ids, '108') + JSON_CONTAINS(insight_records.review_ids, '6') + JSON_CONTAINS(insight_records.review_ids, '35') + JSON_CONTAINS(insight_records.review_ids, '85') + JSON_CONTAINS(insight_records.review_ids, '10') + JSON_CONTAINS(insight_records.review_ids, '40') + JSON_CONTAINS(insight_records.review_ids, '50') + JSON_CONTAINS(insight_records.review_ids, '60') + JSON_CONTAINS(insight_records.review_ids, '75') + JSON_CONTAINS(insight_records.review_ids, '137') + JSON_CONTAINS(insight_records.review_ids, '304')) as mentions from `insight_records` where `business_id` = 1 and ((json_contains(`review_ids`, 58) or json_contains(`review_ids`, 59) or json_contains(`review_ids`, 104) or json_contains(`review_ids`, 301) or json_contains(`review_ids`, 303) or json_contains(`review_ids`, 5) or json_contains(`review_ids`, 11) or json_contains(`review_ids`, 92) or json_contains(`review_ids`, 107) or json_contains(`review_ids`, 108) or json_contains(`review_ids`, 6) or json_contains(`review_ids`, 35) or json_contains(`review_ids`, 85) or json_contains(`review_ids`, 10) or json_contains(`review_ids`, 40) or json_contains(`review_ids`, 50) or json_contains(`review_ids`, 60) or json_contains(`review_ids`, 75) or json_contains(`review_ids`, 137) or json_contains(`review_ids`, 304))) having `mentions` >= 2 order by `severity_weight` desc, `mentions` desc limit 10) at /home/rifat/rifat/uk_client/review/backend/review-system/vendor/laravel/framework/src/Illuminate/Database/Connection.php:825)
[stacktrace]
#0 /home/rifat/rifat/uk_client/review/backend/review-system/vendor/laravel/framework/src/Illuminate/Database/Connection.php(779): Illuminate\\Database\\Connection->runQueryCallback('select *, (JSON...', Array, Object(Closure))
#1 /home/rifat/rifat/uk_client/review/backend/review-system/vendor/laravel/framework/src/Illuminate/Database/Connection.php(398): Illuminate\\Database\\Connection->run('select *, (JSON...', Array, Object(Closure))
#2 /home/rifat/rifat/uk_client/review/backend/review-system/vendor/laravel/framework/src/Illuminate/Database/Query/Builder.php(3106): Illuminate\\Database\\Connection->select('select *, (JSON...', Array, true)
#3 /home/rifat/rifat/uk_client/review/backend/review-system/vendor/laravel/framework/src/Illuminate/Database/Query/Builder.php(3091): Illuminate\\Database\\Query\\Builder->runSelect()
#4 /home/rifat/rifat/uk_client/review/backend/review-system/vendor/laravel/framework/src/Illuminate/Database/Query/Builder.php(3676): Illuminate\\Database\\Query\\Builder->Illuminate\\Database\\Query\\{closure}()
#5 /home/rifat/rifat/uk_client/review/backend/review-system/vendor/laravel/framework/src/Illuminate/Database/Query/Builder.php(3090): Illuminate\\Database\\Query\\Builder->onceWithColumns(Array, Object(Closure))
#6 /home/rifat/rifat/uk_client/review/backend/review-system/vendor/laravel/framework/src/Illuminate/Database/Eloquent/Builder.php(811): Illuminate\\Database\\Query\\Builder->get(Array)
#7 /home/rifat/rifat/uk_client/review/backend/review-system/vendor/laravel/framework/src/Illuminate/Database/Eloquent/Builder.php(793): Illuminate\\Database\\Eloquent\\Builder->getModels(Array)
#8 /home/rifat/rifat/uk_client/review/backend/review-system/app/Services/AIProcessor/InsightAggregationService.php(231): Illuminate\\Database\\Eloquent\\Builder->get()
#9 /home/rifat/rifat/uk_client/review/backend/review-system/app/Services/Business/BusinessAnalyticsService.php(282): App\\Services\\AIProcessor\\InsightAggregationService->getDashboardInsights(1, 10, Array, true)
#10 /home/rifat/rifat/uk_client/review/backend/review-system/app/Services/Dashboard/DashboardService.php(125): App\\Services\\Business\\BusinessAnalyticsService->extractIssuesFromRuleEngine(1, Object(Illuminate\\Database\\Eloquent\\Collection))
#11 /home/rifat/rifat/uk_client/review/backend/review-system/app/Http/Controllers/DashboardController.php(2707): App\\Services\\Dashboard\\DashboardService->calculateMetrics(1, Array, Object(App\\Models\\User))
#12 /home/rifat/rifat/uk_client/review/backend/review-system/vendor/laravel/framework/src/Illuminate/Routing/Controller.php(54): App\\Http\\Controllers\\DashboardController->getDashboardMetrics(Object(Illuminate\\Http\\Request))
#13 /home/rifat/rifat/uk_client/review/backend/review-system/vendor/laravel/framework/src/Illuminate/Routing/ControllerDispatcher.php(44): Illuminate\\Routing\\Controller->callAction('getDashboardMet...', Array)
#14 /home/rifat/rifat/uk_client/review/backend/review-system/vendor/laravel/framework/src/Illuminate/Routing/Route.php(266): Illuminate\\Routing\\ControllerDispatcher->dispatch(Object(Illuminate\\Routing\\Route), Object(App\\Http\\Controllers\\DashboardController), 'getDashboardMet...')
#15 /home/rifat/rifat/uk_client/review/backend/review-system/vendor/laravel/framework/src/Illuminate/Routing/Route.php(212): Illuminate\\Routing\\Route->runController()
#16 /home/rifat/rifat/uk_client/review/backend/review-system/vendor/laravel/framework/src/Illuminate/Routing/Router.php(808): Illuminate\\Routing\\Route->run()
#17 /home/rifat/rifat/uk_client/review/backend/review-system/vendor/laravel/framework/src/Illuminate/Pipeline/Pipeline.php(170): Illuminate\\Routing\\Router->Illuminate\\Routing\\{closure}(Object(Illuminate\\Http\\Request))
#18 /home/rifat/rifat/uk_client/review/backend/review-system/vendor/laravel/framework/src/Illuminate/Routing/Middleware/SubstituteBindings.php(51): Illuminate\\Pipeline\\Pipeline->Illuminate\\Pipeline\\{closure}(Object(Illuminate\\Http\\Request))
#19 /home/rifat/rifat/uk_client/review/backend/review-system/vendor/laravel/framework/src/Illuminate/Pipeline/Pipeline.php(209): Illuminate\\Routing\\Middleware\\SubstituteBindings->handle(Object(Illuminate\\Http\\Request), Object(Closure))
#20 /home/rifat/rifat/uk_client/review/backend/review-system/vendor/laravel/framework/src/Illuminate/Auth/Middleware/Authenticate.php(64): Illuminate\\Pipeline\\Pipeline->Illuminate\\Pipeline\\{closure}(Object(Illuminate\\Http\\Request))
#21 /home/rifat/rifat/uk_client/review/backend/review-system/vendor/laravel/framework/src/Illuminate/Pipeline/Pipeline.php(209): Illuminate\\Auth\\Middleware\\Authenticate->handle(Object(Illuminate\\Http\\Request), Object(Closure), 'api')
#22 /home/rifat/rifat/uk_client/review/backend/review-system/app/Http/Middleware/FormatDatesInRequest.php(17): Illuminate\\Pipeline\\Pipeline->Illuminate\\Pipeline\\{closure}(Object(Illuminate\\Http\\Request))
#23 /home/rifat/rifat/uk_client/review/backend/review-system/vendor/laravel/framework/src/Illuminate/Pipeline/Pipeline.php(209): App\\Http\\Middleware\\FormatDatesInRequest->handle(Object(Illuminate\\Http\\Request), Object(Closure))
#24 /home/rifat/rifat/uk_client/review/backend/review-system/app/Http/Middleware/ResponseMiddleware.php(23): Illuminate\\Pipeline\\Pipeline->Illuminate\\Pipeline\\{closure}(Object(Illuminate\\Http\\Request))
#25 /home/rifat/rifat/uk_client/review/backend/review-system/vendor/laravel/framework/src/Illuminate/Pipeline/Pipeline.php(209): App\\Http\\Middleware\\ResponseMiddleware->handle(Object(Illuminate\\Http\\Request), Object(Closure))
#26 /home/rifat/rifat/uk_client/review/backend/review-system/vendor/laravel/framework/src/Illuminate/Pipeline/Pipeline.php(127): Illuminate\\Pipeline\\Pipeline->Illuminate\\Pipeline\\{closure}(Object(Illuminate\\Http\\Request))
#27 /home/rifat/rifat/uk_client/review/backend/review-system/vendor/laravel/framework/src/Illuminate/Routing/Router.php(807): Illuminate\\Pipeline\\Pipeline->then(Object(Closure))
#28 /home/rifat/rifat/uk_client/review/backend/review-system/vendor/laravel/framework/src/Illuminate/Routing/Router.php(786): Illuminate\\Routing\\Router->runRouteWithinStack(Object(Illuminate\\Routing\\Route), Object(Illuminate\\Http\\Request))
#29 /home/rifat/rifat/uk_client/review/backend/review-system/vendor/laravel/framework/src/Illuminate/Routing/Router.php(750): Illuminate\\Routing\\Router->runRoute(Object(Illuminate\\Http\\Request), Object(Illuminate\\Routing\\Route))
#30 /home/rifat/rifat/uk_client/review/backend/review-system/vendor/laravel/framework/src/Illuminate/Routing/Router.php(739): Illuminate\\Routing\\Router->dispatchToRoute(Object(Illuminate\\Http\\Request))
#31 /home/rifat/rifat/uk_client/review/backend/review-system/vendor/laravel/framework/src/Illuminate/Foundation/Http/Kernel.php(201): Illuminate\\Routing\\Router->dispatch(Object(Illuminate\\Http\\Request))
#32 /home/rifat/rifat/uk_client/review/backend/review-system/vendor/laravel/framework/src/Illuminate/Pipeline/Pipeline.php(170): Illuminate\\Foundation\\Http\\Kernel->Illuminate\\Foundation\\Http\\{closure}(Object(Illuminate\\Http\\Request))
#33 /home/rifat/rifat/uk_client/review/backend/review-system/vendor/laravel/framework/src/Illuminate/Foundation/Http/Middleware/TransformsRequest.php(21): Illuminate\\Pipeline\\Pipeline->Illuminate\\Pipeline\\{closure}(Object(Illuminate\\Http\\Request))
#34 /home/rifat/rifat/uk_client/review/backend/review-system/vendor/laravel/framework/src/Illuminate/Foundation/Http/Middleware/ConvertEmptyStringsToNull.php(31): Illuminate\\Foundation\\Http\\Middleware\\TransformsRequest->handle(Object(Illuminate\\Http\\Request), Object(Closure))
#35 /home/rifat/rifat/uk_client/review/backend/review-system/vendor/laravel/framework/src/Illuminate/Pipeline/Pipeline.php(209): Illuminate\\Foundation\\Http\\Middleware\\ConvertEmptyStringsToNull->handle(Object(Illuminate\\Http\\Request), Object(Closure))
#36 /home/rifat/rifat/uk_client/review/backend/review-system/vendor/laravel/framework/src/Illuminate/Foundation/Http/Middleware/TransformsRequest.php(21): Illuminate\\Pipeline\\Pipeline->Illuminate\\Pipeline\\{closure}(Object(Illuminate\\Http\\Request))
#37 /home/rifat/rifat/uk_client/review/backend/review-system/vendor/laravel/framework/src/Illuminate/Foundation/Http/Middleware/TrimStrings.php(51): Illuminate\\Foundation\\Http\\Middleware\\TransformsRequest->handle(Object(Illuminate\\Http\\Request), Object(Closure))
#38 /home/rifat/rifat/uk_client/review/backend/review-system/vendor/laravel/framework/src/Illuminate/Pipeline/Pipeline.php(209): Illuminate\\Foundation\\Http\\Middleware\\TrimStrings->handle(Object(Illuminate\\Http\\Request), Object(Closure))
#39 /home/rifat/rifat/uk_client/review/backend/review-system/vendor/laravel/framework/src/Illuminate/Http/Middleware/ValidatePostSize.php(27): Illuminate\\Pipeline\\Pipeline->Illuminate\\Pipeline\\{closure}(Object(Illuminate\\Http\\Request))
#40 /home/rifat/rifat/uk_client/review/backend/review-system/vendor/laravel/framework/src/Illuminate/Pipeline/Pipeline.php(209): Illuminate\\Http\\Middleware\\ValidatePostSize->handle(Object(Illuminate\\Http\\Request), Object(Closure))
#41 /home/rifat/rifat/uk_client/review/backend/review-system/vendor/laravel/framework/src/Illuminate/Foundation/Http/Middleware/PreventRequestsDuringMaintenance.php(110): Illuminate\\Pipeline\\Pipeline->Illuminate\\Pipeline\\{closure}(Object(Illuminate\\Http\\Request))
#42 /home/rifat/rifat/uk_client/review/backend/review-system/vendor/laravel/framework/src/Illuminate/Pipeline/Pipeline.php(209): Illuminate\\Foundation\\Http\\Middleware\\PreventRequestsDuringMaintenance->handle(Object(Illuminate\\Http\\Request), Object(Closure))
#43 /home/rifat/rifat/uk_client/review/backend/review-system/vendor/laravel/framework/src/Illuminate/Http/Middleware/HandleCors.php(62): Illuminate\\Pipeline\\Pipeline->Illuminate\\Pipeline\\{closure}(Object(Illuminate\\Http\\Request))
#44 /home/rifat/rifat/uk_client/review/backend/review-system/vendor/laravel/framework/src/Illuminate/Pipeline/Pipeline.php(209): Illuminate\\Http\\Middleware\\HandleCors->handle(Object(Illuminate\\Http\\Request), Object(Closure))
#45 /home/rifat/rifat/uk_client/review/backend/review-system/vendor/laravel/framework/src/Illuminate/Http/Middleware/TrustProxies.php(58): Illuminate\\Pipeline\\Pipeline->Illuminate\\Pipeline\\{closure}(Object(Illuminate\\Http\\Request))
#46 /home/rifat/rifat/uk_client/review/backend/review-system/vendor/laravel/framework/src/Illuminate/Pipeline/Pipeline.php(209): Illuminate\\Http\\Middleware\\TrustProxies->handle(Object(Illuminate\\Http\\Request), Object(Closure))
#47 /home/rifat/rifat/uk_client/review/backend/review-system/vendor/laravel/framework/src/Illuminate/Pipeline/Pipeline.php(127): Illuminate\\Pipeline\\Pipeline->Illuminate\\Pipeline\\{closure}(Object(Illuminate\\Http\\Request))
#48 /home/rifat/rifat/uk_client/review/backend/review-system/vendor/laravel/framework/src/Illuminate/Foundation/Http/Kernel.php(176): Illuminate\\Pipeline\\Pipeline->then(Object(Closure))
#49 /home/rifat/rifat/uk_client/review/backend/review-system/vendor/laravel/framework/src/Illuminate/Foundation/Http/Kernel.php(145): Illuminate\\Foundation\\Http\\Kernel->sendRequestThroughRouter(Object(Illuminate\\Http\\Request))
#50 /home/rifat/rifat/uk_client/review/backend/review-system/public/index.php(51): Illuminate\\Foundation\\Http\\Kernel->handle(Object(Illuminate\\Http\\Request))
#51 /home/rifat/rifat/uk_client/review/backend/review-system/server.php(21): require_once('/home/rifat/rif...')
#52 {main}

[previous exception] [object] (PDOException(code: 42S22): SQLSTATE[42S22]: Column not found: 1054 Unknown column 'severity_weight' in 'order clause' at /home/rifat/rifat/uk_client/review/backend/review-system/vendor/laravel/framework/src/Illuminate/Database/Connection.php:412)
[stacktrace]
#0 /home/rifat/rifat/uk_client/review/backend/review-system/vendor/laravel/framework/src/Illuminate/Database/Connection.php(412): PDOStatement->execute()
#1 /home/rifat/rifat/uk_client/review/backend/review-system/vendor/laravel/framework/src/Illuminate/Database/Connection.php(812): Illuminate\\Database\\Connection->Illuminate\\Database\\{closure}('select *, (JSON...', Array)
#2 /home/rifat/rifat/uk_client/review/backend/review-system/vendor/laravel/framework/src/Illuminate/Database/Connection.php(779): Illuminate\\Database\\Connection->runQueryCallback('select *, (JSON...', Array, Object(Closure))
#3 /home/rifat/rifat/uk_client/review/backend/review-system/vendor/laravel/framework/src/Illuminate/Database/Connection.php(398): Illuminate\\Database\\Connection->run('select *, (JSON...', Array, Object(Closure))
#4 /home/rifat/rifat/uk_client/review/backend/review-system/vendor/laravel/framework/src/Illuminate/Database/Query/Builder.php(3106): Illuminate\\Database\\Connection->select('select *, (JSON...', Array, true)
#5 /home/rifat/rifat/uk_client/review/backend/review-system/vendor/laravel/framework/src/Illuminate/Database/Query/Builder.php(3091): Illuminate\\Database\\Query\\Builder->runSelect()
#6 /home/rifat/rifat/uk_client/review/backend/review-system/vendor/laravel/framework/src/Illuminate/Database/Query/Builder.php(3676): Illuminate\\Database\\Query\\Builder->Illuminate\\Database\\Query\\{closure}()
#7 /home/rifat/rifat/uk_client/review/backend/review-system/vendor/laravel/framework/src/Illuminate/Database/Query/Builder.php(3090): Illuminate\\Database\\Query\\Builder->onceWithColumns(Array, Object(Closure))
#8 /home/rifat/rifat/uk_client/review/backend/review-system/vendor/laravel/framework/src/Illuminate/Database/Eloquent/Builder.php(811): Illuminate\\Database\\Query\\Builder->get(Array)
#9 /home/rifat/rifat/uk_client/review/backend/review-system/vendor/laravel/framework/src/Illuminate/Database/Eloquent/Builder.php(793): Illuminate\\Database\\Eloquent\\Builder->getModels(Array)
#10 /home/rifat/rifat/uk_client/review/backend/review-system/app/Services/AIProcessor/InsightAggregationService.php(231): Illuminate\\Database\\Eloquent\\Builder->get()
#11 /home/rifat/rifat/uk_client/review/backend/review-system/app/Services/Business/BusinessAnalyticsService.php(282): App\\Services\\AIProcessor\\InsightAggregationService->getDashboardInsights(1, 10, Array, true)
#12 /home/rifat/rifat/uk_client/review/backend/review-system/app/Services/Dashboard/DashboardService.php(125): App\\Services\\Business\\BusinessAnalyticsService->extractIssuesFromRuleEngine(1, Object(Illuminate\\Database\\Eloquent\\Collection))
#13 /home/rifat/rifat/uk_client/review/backend/review-system/app/Http/Controllers/DashboardController.php(2707): App\\Services\\Dashboard\\DashboardService->calculateMetrics(1, Array, Object(App\\Models\\User))
#14 /home/rifat/rifat/uk_client/review/backend/review-system/vendor/laravel/framework/src/Illuminate/Routing/Controller.php(54): App\\Http\\Controllers\\DashboardController->getDashboardMetrics(Object(Illuminate\\Http\\Request))
#15 /home/rifat/rifat/uk_client/review/backend/review-system/vendor/laravel/framework/src/Illuminate/Routing/ControllerDispatcher.php(44): Illuminate\\Routing\\Controller->callAction('getDashboardMet...', Array)
#16 /home/rifat/rifat/uk_client/review/backend/review-system/vendor/laravel/framework/src/Illuminate/Routing/Route.php(266): Illuminate\\Routing\\ControllerDispatcher->dispatch(Object(Illuminate\\Routing\\Route), Object(App\\Http\\Controllers\\DashboardController), 'getDashboardMet...')
#17 /home/rifat/rifat/uk_client/review/backend/review-system/vendor/laravel/framework/src/Illuminate/Routing/Route.php(212): Illuminate\\Routing\\Route->runController()
#18 /home/rifat/rifat/uk_client/review/backend/review-system/vendor/laravel/framework/src/Illuminate/Routing/Router.php(808): Illuminate\\Routing\\Route->run()
#19 /home/rifat/rifat/uk_client/review/backend/review-system/vendor/laravel/framework/src/Illuminate/Pipeline/Pipeline.php(170): Illuminate\\Routing\\Router->Illuminate\\Routing\\{closure}(Object(Illuminate\\Http\\Request))
#20 /home/rifat/rifat/uk_client/review/backend/review-system/vendor/laravel/framework/src/Illuminate/Routing/Middleware/SubstituteBindings.php(51): Illuminate\\Pipeline\\Pipeline->Illuminate\\Pipeline\\{closure}(Object(Illuminate\\Http\\Request))
#21 /home/rifat/rifat/uk_client/review/backend/review-system/vendor/laravel/framework/src/Illuminate/Pipeline/Pipeline.php(209): Illuminate\\Routing\\Middleware\\SubstituteBindings->handle(Object(Illuminate\\Http\\Request), Object(Closure))
#22 /home/rifat/rifat/uk_client/review/backend/review-system/vendor/laravel/framework/src/Illuminate/Auth/Middleware/Authenticate.php(64): Illuminate\\Pipeline\\Pipeline->Illuminate\\Pipeline\\{closure}(Object(Illuminate\\Http\\Request))
#23 /home/rifat/rifat/uk_client/review/backend/review-system/vendor/laravel/framework/src/Illuminate/Pipeline/Pipeline.php(209): Illuminate\\Auth\\Middleware\\Authenticate->handle(Object(Illuminate\\Http\\Request), Object(Closure), 'api')
#24 /home/rifat/rifat/uk_client/review/backend/review-system/app/Http/Middleware/FormatDatesInRequest.php(17): Illuminate\\Pipeline\\Pipeline->Illuminate\\Pipeline\\{closure}(Object(Illuminate\\Http\\Request))
#25 /home/rifat/rifat/uk_client/review/backend/review-system/vendor/laravel/framework/src/Illuminate/Pipeline/Pipeline.php(209): App\\Http\\Middleware\\FormatDatesInRequest->handle(Object(Illuminate\\Http\\Request), Object(Closure))
#26 /home/rifat/rifat/uk_client/review/backend/review-system/app/Http/Middleware/ResponseMiddleware.php(23): Illuminate\\Pipeline\\Pipeline->Illuminate\\Pipeline\\{closure}(Object(Illuminate\\Http\\Request))
#27 /home/rifat/rifat/uk_client/review/backend/review-system/vendor/laravel/framework/src/Illuminate/Pipeline/Pipeline.php(209): App\\Http\\Middleware\\ResponseMiddleware->handle(Object(Illuminate\\Http\\Request), Object(Closure))
#28 /home/rifat/rifat/uk_client/review/backend/review-system/vendor/laravel/framework/src/Illuminate/Pipeline/Pipeline.php(127): Illuminate\\Pipeline\\Pipeline->Illuminate\\Pipeline\\{closure}(Object(Illuminate\\Http\\Request))
#29 /home/rifat/rifat/uk_client/review/backend/review-system/vendor/laravel/framework/src/Illuminate/Routing/Router.php(807): Illuminate\\Pipeline\\Pipeline->then(Object(Closure))
#30 /home/rifat/rifat/uk_client/review/backend/review-system/vendor/laravel/framework/src/Illuminate/Routing/Router.php(786): Illuminate\\Routing\\Router->runRouteWithinStack(Object(Illuminate\\Routing\\Route), Object(Illuminate\\Http\\Request))
#31 /home/rifat/rifat/uk_client/review/backend/review-system/vendor/laravel/framework/src/Illuminate/Routing/Router.php(750): Illuminate\\Routing\\Router->runRoute(Object(Illuminate\\Http\\Request), Object(Illuminate\\Routing\\Route))
#32 /home/rifat/rifat/uk_client/review/backend/review-system/vendor/laravel/framework/src/Illuminate/Routing/Router.php(739): Illuminate\\Routing\\Router->dispatchToRoute(Object(Illuminate\\Http\\Request))
#33 /home/rifat/rifat/uk_client/review/backend/review-system/vendor/laravel/framework/src/Illuminate/Foundation/Http/Kernel.php(201): Illuminate\\Routing\\Router->dispatch(Object(Illuminate\\Http\\Request))
#34 /home/rifat/rifat/uk_client/review/backend/review-system/vendor/laravel/framework/src/Illuminate/Pipeline/Pipeline.php(170): Illuminate\\Foundation\\Http\\Kernel->Illuminate\\Foundation\\Http\\{closure}(Object(Illuminate\\Http\\Request))
#35 /home/rifat/rifat/uk_client/review/backend/review-system/vendor/laravel/framework/src/Illuminate/Foundation/Http/Middleware/TransformsRequest.php(21): Illuminate\\Pipeline\\Pipeline->Illuminate\\Pipeline\\{closure}(Object(Illuminate\\Http\\Request))
#36 /home/rifat/rifat/uk_client/review/backend/review-system/vendor/laravel/framework/src/Illuminate/Foundation/Http/Middleware/ConvertEmptyStringsToNull.php(31): Illuminate\\Foundation\\Http\\Middleware\\TransformsRequest->handle(Object(Illuminate\\Http\\Request), Object(Closure))
#37 /home/rifat/rifat/uk_client/review/backend/review-system/vendor/laravel/framework/src/Illuminate/Pipeline/Pipeline.php(209): Illuminate\\Foundation\\Http\\Middleware\\ConvertEmptyStringsToNull->handle(Object(Illuminate\\Http\\Request), Object(Closure))
#38 /home/rifat/rifat/uk_client/review/backend/review-system/vendor/laravel/framework/src/Illuminate/Foundation/Http/Middleware/TransformsRequest.php(21): Illuminate\\Pipeline\\Pipeline->Illuminate\\Pipeline\\{closure}(Object(Illuminate\\Http\\Request))
#39 /home/rifat/rifat/uk_client/review/backend/review-system/vendor/laravel/framework/src/Illuminate/Foundation/Http/Middleware/TrimStrings.php(51): Illuminate\\Foundation\\Http\\Middleware\\TransformsRequest->handle(Object(Illuminate\\Http\\Request), Object(Closure))
#40 /home/rifat/rifat/uk_client/review/backend/review-system/vendor/laravel/framework/src/Illuminate/Pipeline/Pipeline.php(209): Illuminate\\Foundation\\Http\\Middleware\\TrimStrings->handle(Object(Illuminate\\Http\\Request), Object(Closure))
#41 /home/rifat/rifat/uk_client/review/backend/review-system/vendor/laravel/framework/src/Illuminate/Http/Middleware/ValidatePostSize.php(27): Illuminate\\Pipeline\\Pipeline->Illuminate\\Pipeline\\{closure}(Object(Illuminate\\Http\\Request))
#42 /home/rifat/rifat/uk_client/review/backend/review-system/vendor/laravel/framework/src/Illuminate/Pipeline/Pipeline.php(209): Illuminate\\Http\\Middleware\\ValidatePostSize->handle(Object(Illuminate\\Http\\Request), Object(Closure))
#43 /home/rifat/rifat/uk_client/review/backend/review-system/vendor/laravel/framework/src/Illuminate/Foundation/Http/Middleware/PreventRequestsDuringMaintenance.php(110): Illuminate\\Pipeline\\Pipeline->Illuminate\\Pipeline\\{closure}(Object(Illuminate\\Http\\Request))
#44 /home/rifat/rifat/uk_client/review/backend/review-system/vendor/laravel/framework/src/Illuminate/Pipeline/Pipeline.php(209): Illuminate\\Foundation\\Http\\Middleware\\PreventRequestsDuringMaintenance->handle(Object(Illuminate\\Http\\Request), Object(Closure))
#45 /home/rifat/rifat/uk_client/review/backend/review-system/vendor/laravel/framework/src/Illuminate/Http/Middleware/HandleCors.php(62): Illuminate\\Pipeline\\Pipeline->Illuminate\\Pipeline\\{closure}(Object(Illuminate\\Http\\Request))
#46 /home/rifat/rifat/uk_client/review/backend/review-system/vendor/laravel/framework/src/Illuminate/Pipeline/Pipeline.php(209): Illuminate\\Http\\Middleware\\HandleCors->handle(Object(Illuminate\\Http\\Request), Object(Closure))
#47 /home/rifat/rifat/uk_client/review/backend/review-system/vendor/laravel/framework/src/Illuminate/Http/Middleware/TrustProxies.php(58): Illuminate\\Pipeline\\Pipeline->Illuminate\\Pipeline\\{closure}(Object(Illuminate\\Http\\Request))
#48 /home/rifat/rifat/uk_client/review/backend/review-system/vendor/laravel/framework/src/Illuminate/Pipeline/Pipeline.php(209): Illuminate\\Http\\Middleware\\TrustProxies->handle(Object(Illuminate\\Http\\Request), Object(Closure))
#49 /home/rifat/rifat/uk_client/review/backend/review-system/vendor/laravel/framework/src/Illuminate/Pipeline/Pipeline.php(127): Illuminate\\Pipeline\\Pipeline->Illuminate\\Pipeline\\{closure}(Object(Illuminate\\Http\\Request))
#50 /home/rifat/rifat/uk_client/review/backend/review-system/vendor/laravel/framework/src/Illuminate/Foundation/Http/Kernel.php(176): Illuminate\\Pipeline\\Pipeline->then(Object(Closure))
#51 /home/rifat/rifat/uk_client/review/backend/review-system/vendor/laravel/framework/src/Illuminate/Foundation/Http/Kernel.php(145): Illuminate\\Foundation\\Http\\Kernel->sendRequestThroughRouter(Object(Illuminate\\Http\\Request))
#52 /home/rifat/rifat/uk_client/review/backend/review-system/public/index.php(51): Illuminate\\Foundation\\Http\\Kernel->handle(Object(Illuminate\\Http\\Request))
#53 /home/rifat/rifat/uk_client/review/backend/review-system/server.php(21): require_once('/home/rifat/rif...')
#54 {main}
"} 
[2026-01-30 04:20:38] local.ERROR: SQLSTATE[42S22]: Column not found: 1054 Unknown column 'severity_weight' in 'order clause' (Connection: mysql, SQL: select *, (JSON_CONTAINS(insight_records.review_ids, '58') + JSON_CONTAINS(insight_records.review_ids, '59') + JSON_CONTAINS(insight_records.review_ids, '104') + JSON_CONTAINS(insight_records.review_ids, '5') + JSON_CONTAINS(insight_records.review_ids, '11') + JSON_CONTAINS(insight_records.review_ids, '92') + JSON_CONTAINS(insight_records.review_ids, '107') + JSON_CONTAINS(insight_records.review_ids, '108') + JSON_CONTAINS(insight_records.review_ids, '6') + JSON_CONTAINS(insight_records.review_ids, '35') + JSON_CONTAINS(insight_records.review_ids, '85') + JSON_CONTAINS(insight_records.review_ids, '10') + JSON_CONTAINS(insight_records.review_ids, '40') + JSON_CONTAINS(insight_records.review_ids, '50') + JSON_CONTAINS(insight_records.review_ids, '60') + JSON_CONTAINS(insight_records.review_ids, '75') + JSON_CONTAINS(insight_records.review_ids, '137') + JSON_CONTAINS(insight_records.review_ids, '304')) as mentions from `insight_records` where `business_id` = 1 and ((json_contains(`review_ids`, 58) or json_contains(`review_ids`, 59) or json_contains(`review_ids`, 104) or json_contains(`review_ids`, 5) or json_contains(`review_ids`, 11) or json_contains(`review_ids`, 92) or json_contains(`review_ids`, 107) or json_contains(`review_ids`, 108) or json_contains(`review_ids`, 6) or json_contains(`review_ids`, 35) or json_contains(`review_ids`, 85) or json_contains(`review_ids`, 10) or json_contains(`review_ids`, 40) or json_contains(`review_ids`, 50) or json_contains(`review_ids`, 60) or json_contains(`review_ids`, 75) or json_contains(`review_ids`, 137) or json_contains(`review_ids`, 304))) having `mentions` >= 2 order by `severity_weight` desc, `mentions` desc limit 10) {"userId":2,"exception":"[object] (Illuminate\\Database\\QueryException(code: 42S22): SQLSTATE[42S22]: Column not found: 1054 Unknown column 'severity_weight' in 'order clause' (Connection: mysql, SQL: select *, (JSON_CONTAINS(insight_records.review_ids, '58') + JSON_CONTAINS(insight_records.review_ids, '59') + JSON_CONTAINS(insight_records.review_ids, '104') + JSON_CONTAINS(insight_records.review_ids, '5') + JSON_CONTAINS(insight_records.review_ids, '11') + JSON_CONTAINS(insight_records.review_ids, '92') + JSON_CONTAINS(insight_records.review_ids, '107') + JSON_CONTAINS(insight_records.review_ids, '108') + JSON_CONTAINS(insight_records.review_ids, '6') + JSON_CONTAINS(insight_records.review_ids, '35') + JSON_CONTAINS(insight_records.review_ids, '85') + JSON_CONTAINS(insight_records.review_ids, '10') + JSON_CONTAINS(insight_records.review_ids, '40') + JSON_CONTAINS(insight_records.review_ids, '50') + JSON_CONTAINS(insight_records.review_ids, '60') + JSON_CONTAINS(insight_records.review_ids, '75') + JSON_CONTAINS(insight_records.review_ids, '137') + JSON_CONTAINS(insight_records.review_ids, '304')) as mentions from `insight_records` where `business_id` = 1 and ((json_contains(`review_ids`, 58) or json_contains(`review_ids`, 59) or json_contains(`review_ids`, 104) or json_contains(`review_ids`, 5) or json_contains(`review_ids`, 11) or json_contains(`review_ids`, 92) or json_contains(`review_ids`, 107) or json_contains(`review_ids`, 108) or json_contains(`review_ids`, 6) or json_contains(`review_ids`, 35) or json_contains(`review_ids`, 85) or json_contains(`review_ids`, 10) or json_contains(`review_ids`, 40) or json_contains(`review_ids`, 50) or json_contains(`review_ids`, 60) or json_contains(`review_ids`, 75) or json_contains(`review_ids`, 137) or json_contains(`review_ids`, 304))) having `mentions` >= 2 order by `severity_weight` desc, `mentions` desc limit 10) at /home/rifat/rifat/uk_client/review/backend/review-system/vendor/laravel/framework/src/Illuminate/Database/Connection.php:825)
[stacktrace]
#0 /home/rifat/rifat/uk_client/review/backend/review-system/vendor/laravel/framework/src/Illuminate/Database/Connection.php(779): Illuminate\\Database\\Connection->runQueryCallback('select *, (JSON...', Array, Object(Closure))
#1 /home/rifat/rifat/uk_client/review/backend/review-system/vendor/laravel/framework/src/Illuminate/Database/Connection.php(398): Illuminate\\Database\\Connection->run('select *, (JSON...', Array, Object(Closure))
#2 /home/rifat/rifat/uk_client/review/backend/review-system/vendor/laravel/framework/src/Illuminate/Database/Query/Builder.php(3106): Illuminate\\Database\\Connection->select('select *, (JSON...', Array, true)
#3 /home/rifat/rifat/uk_client/review/backend/review-system/vendor/laravel/framework/src/Illuminate/Database/Query/Builder.php(3091): Illuminate\\Database\\Query\\Builder->runSelect()
#4 /home/rifat/rifat/uk_client/review/backend/review-system/vendor/laravel/framework/src/Illuminate/Database/Query/Builder.php(3676): Illuminate\\Database\\Query\\Builder->Illuminate\\Database\\Query\\{closure}()
#5 /home/rifat/rifat/uk_client/review/backend/review-system/vendor/laravel/framework/src/Illuminate/Database/Query/Builder.php(3090): Illuminate\\Database\\Query\\Builder->onceWithColumns(Array, Object(Closure))
#6 /home/rifat/rifat/uk_client/review/backend/review-system/vendor/laravel/framework/src/Illuminate/Database/Eloquent/Builder.php(811): Illuminate\\Database\\Query\\Builder->get(Array)
#7 /home/rifat/rifat/uk_client/review/backend/review-system/vendor/laravel/framework/src/Illuminate/Database/Eloquent/Builder.php(793): Illuminate\\Database\\Eloquent\\Builder->getModels(Array)
#8 /home/rifat/rifat/uk_client/review/backend/review-system/app/Services/AIProcessor/InsightAggregationService.php(231): Illuminate\\Database\\Eloquent\\Builder->get()
#9 /home/rifat/rifat/uk_client/review/backend/review-system/app/Services/Business/BusinessAnalyticsService.php(282): App\\Services\\AIProcessor\\InsightAggregationService->getDashboardInsights(1, 10, Array, true)
#10 /home/rifat/rifat/uk_client/review/backend/review-system/app/Services/Business/BusinessAnalyticsService.php(183): App\\Services\\Business\\BusinessAnalyticsService->extractIssuesFromRuleEngine(1, Object(Illuminate\\Database\\Eloquent\\Collection))
#11 /home/rifat/rifat/uk_client/review/backend/review-system/app/Http/Controllers/DashboardController.php(2510): App\\Services\\Business\\BusinessAnalyticsService->getAiInsightsPanel(1, Array)
#12 /home/rifat/rifat/uk_client/review/backend/review-system/vendor/laravel/framework/src/Illuminate/Routing/Controller.php(54): App\\Http\\Controllers\\DashboardController->getAiInsights(Object(Illuminate\\Http\\Request))
#13 /home/rifat/rifat/uk_client/review/backend/review-system/vendor/laravel/framework/src/Illuminate/Routing/ControllerDispatcher.php(44): Illuminate\\Routing\\Controller->callAction('getAiInsights', Array)
#14 /home/rifat/rifat/uk_client/review/backend/review-system/vendor/laravel/framework/src/Illuminate/Routing/Route.php(266): Illuminate\\Routing\\ControllerDispatcher->dispatch(Object(Illuminate\\Routing\\Route), Object(App\\Http\\Controllers\\DashboardController), 'getAiInsights')
#15 /home/rifat/rifat/uk_client/review/backend/review-system/vendor/laravel/framework/src/Illuminate/Routing/Route.php(212): Illuminate\\Routing\\Route->runController()
#16 /home/rifat/rifat/uk_client/review/backend/review-system/vendor/laravel/framework/src/Illuminate/Routing/Router.php(808): Illuminate\\Routing\\Route->run()
#17 /home/rifat/rifat/uk_client/review/backend/review-system/vendor/laravel/framework/src/Illuminate/Pipeline/Pipeline.php(170): Illuminate\\Routing\\Router->Illuminate\\Routing\\{closure}(Object(Illuminate\\Http\\Request))
#18 /home/rifat/rifat/uk_client/review/backend/review-system/vendor/laravel/framework/src/Illuminate/Routing/Middleware/SubstituteBindings.php(51): Illuminate\\Pipeline\\Pipeline->Illuminate\\Pipeline\\{closure}(Object(Illuminate\\Http\\Request))
#19 /home/rifat/rifat/uk_client/review/backend/review-system/vendor/laravel/framework/src/Illuminate/Pipeline/Pipeline.php(209): Illuminate\\Routing\\Middleware\\SubstituteBindings->handle(Object(Illuminate\\Http\\Request), Object(Closure))
#20 /home/rifat/rifat/uk_client/review/backend/review-system/vendor/laravel/framework/src/Illuminate/Auth/Middleware/Authenticate.php(64): Illuminate\\Pipeline\\Pipeline->Illuminate\\Pipeline\\{closure}(Object(Illuminate\\Http\\Request))
#21 /home/rifat/rifat/uk_client/review/backend/review-system/vendor/laravel/framework/src/Illuminate/Pipeline/Pipeline.php(209): Illuminate\\Auth\\Middleware\\Authenticate->handle(Object(Illuminate\\Http\\Request), Object(Closure), 'api')
#22 /home/rifat/rifat/uk_client/review/backend/review-system/app/Http/Middleware/FormatDatesInRequest.php(17): Illuminate\\Pipeline\\Pipeline->Illuminate\\Pipeline\\{closure}(Object(Illuminate\\Http\\Request))
#23 /home/rifat/rifat/uk_client/review/backend/review-system/vendor/laravel/framework/src/Illuminate/Pipeline/Pipeline.php(209): App\\Http\\Middleware\\FormatDatesInRequest->handle(Object(Illuminate\\Http\\Request), Object(Closure))
#24 /home/rifat/rifat/uk_client/review/backend/review-system/app/Http/Middleware/ResponseMiddleware.php(23): Illuminate\\Pipeline\\Pipeline->Illuminate\\Pipeline\\{closure}(Object(Illuminate\\Http\\Request))
#25 /home/rifat/rifat/uk_client/review/backend/review-system/vendor/laravel/framework/src/Illuminate/Pipeline/Pipeline.php(209): App\\Http\\Middleware\\ResponseMiddleware->handle(Object(Illuminate\\Http\\Request), Object(Closure))
#26 /home/rifat/rifat/uk_client/review/backend/review-system/vendor/laravel/framework/src/Illuminate/Pipeline/Pipeline.php(127): Illuminate\\Pipeline\\Pipeline->Illuminate\\Pipeline\\{closure}(Object(Illuminate\\Http\\Request))
#27 /home/rifat/rifat/uk_client/review/backend/review-system/vendor/laravel/framework/src/Illuminate/Routing/Router.php(807): Illuminate\\Pipeline\\Pipeline->then(Object(Closure))
#28 /home/rifat/rifat/uk_client/review/backend/review-system/vendor/laravel/framework/src/Illuminate/Routing/Router.php(786): Illuminate\\Routing\\Router->runRouteWithinStack(Object(Illuminate\\Routing\\Route), Object(Illuminate\\Http\\Request))
#29 /home/rifat/rifat/uk_client/review/backend/review-system/vendor/laravel/framework/src/Illuminate/Routing/Router.php(750): Illuminate\\Routing\\Router->runRoute(Object(Illuminate\\Http\\Request), Object(Illuminate\\Routing\\Route))
#30 /home/rifat/rifat/uk_client/review/backend/review-system/vendor/laravel/framework/src/Illuminate/Routing/Router.php(739): Illuminate\\Routing\\Router->dispatchToRoute(Object(Illuminate\\Http\\Request))
#31 /home/rifat/rifat/uk_client/review/backend/review-system/vendor/laravel/framework/src/Illuminate/Foundation/Http/Kernel.php(201): Illuminate\\Routing\\Router->dispatch(Object(Illuminate\\Http\\Request))
#32 /home/rifat/rifat/uk_client/review/backend/review-system/vendor/laravel/framework/src/Illuminate/Pipeline/Pipeline.php(170): Illuminate\\Foundation\\Http\\Kernel->Illuminate\\Foundation\\Http\\{closure}(Object(Illuminate\\Http\\Request))
#33 /home/rifat/rifat/uk_client/review/backend/review-system/vendor/laravel/framework/src/Illuminate/Foundation/Http/Middleware/TransformsRequest.php(21): Illuminate\\Pipeline\\Pipeline->Illuminate\\Pipeline\\{closure}(Object(Illuminate\\Http\\Request))
#34 /home/rifat/rifat/uk_client/review/backend/review-system/vendor/laravel/framework/src/Illuminate/Foundation/Http/Middleware/ConvertEmptyStringsToNull.php(31): Illuminate\\Foundation\\Http\\Middleware\\TransformsRequest->handle(Object(Illuminate\\Http\\Request), Object(Closure))
#35 /home/rifat/rifat/uk_client/review/backend/review-system/vendor/laravel/framework/src/Illuminate/Pipeline/Pipeline.php(209): Illuminate\\Foundation\\Http\\Middleware\\ConvertEmptyStringsToNull->handle(Object(Illuminate\\Http\\Request), Object(Closure))
#36 /home/rifat/rifat/uk_client/review/backend/review-system/vendor/laravel/framework/src/Illuminate/Foundation/Http/Middleware/TransformsRequest.php(21): Illuminate\\Pipeline\\Pipeline->Illuminate\\Pipeline\\{closure}(Object(Illuminate\\Http\\Request))
#37 /home/rifat/rifat/uk_client/review/backend/review-system/vendor/laravel/framework/src/Illuminate/Foundation/Http/Middleware/TrimStrings.php(51): Illuminate\\Foundation\\Http\\Middleware\\TransformsRequest->handle(Object(Illuminate\\Http\\Request), Object(Closure))
#38 /home/rifat/rifat/uk_client/review/backend/review-system/vendor/laravel/framework/src/Illuminate/Pipeline/Pipeline.php(209): Illuminate\\Foundation\\Http\\Middleware\\TrimStrings->handle(Object(Illuminate\\Http\\Request), Object(Closure))
#39 /home/rifat/rifat/uk_client/review/backend/review-system/vendor/laravel/framework/src/Illuminate/Http/Middleware/ValidatePostSize.php(27): Illuminate\\Pipeline\\Pipeline->Illuminate\\Pipeline\\{closure}(Object(Illuminate\\Http\\Request))
#40 /home/rifat/rifat/uk_client/review/backend/review-system/vendor/laravel/framework/src/Illuminate/Pipeline/Pipeline.php(209): Illuminate\\Http\\Middleware\\ValidatePostSize->handle(Object(Illuminate\\Http\\Request), Object(Closure))
#41 /home/rifat/rifat/uk_client/review/backend/review-system/vendor/laravel/framework/src/Illuminate/Foundation/Http/Middleware/PreventRequestsDuringMaintenance.php(110): Illuminate\\Pipeline\\Pipeline->Illuminate\\Pipeline\\{closure}(Object(Illuminate\\Http\\Request))
#42 /home/rifat/rifat/uk_client/review/backend/review-system/vendor/laravel/framework/src/Illuminate/Pipeline/Pipeline.php(209): Illuminate\\Foundation\\Http\\Middleware\\PreventRequestsDuringMaintenance->handle(Object(Illuminate\\Http\\Request), Object(Closure))
#43 /home/rifat/rifat/uk_client/review/backend/review-system/vendor/laravel/framework/src/Illuminate/Http/Middleware/HandleCors.php(62): Illuminate\\Pipeline\\Pipeline->Illuminate\\Pipeline\\{closure}(Object(Illuminate\\Http\\Request))
#44 /home/rifat/rifat/uk_client/review/backend/review-system/vendor/laravel/framework/src/Illuminate/Pipeline/Pipeline.php(209): Illuminate\\Http\\Middleware\\HandleCors->handle(Object(Illuminate\\Http\\Request), Object(Closure))
#45 /home/rifat/rifat/uk_client/review/backend/review-system/vendor/laravel/framework/src/Illuminate/Http/Middleware/TrustProxies.php(58): Illuminate\\Pipeline\\Pipeline->Illuminate\\Pipeline\\{closure}(Object(Illuminate\\Http\\Request))
#46 /home/rifat/rifat/uk_client/review/backend/review-system/vendor/laravel/framework/src/Illuminate/Pipeline/Pipeline.php(209): Illuminate\\Http\\Middleware\\TrustProxies->handle(Object(Illuminate\\Http\\Request), Object(Closure))
#47 /home/rifat/rifat/uk_client/review/backend/review-system/vendor/laravel/framework/src/Illuminate/Pipeline/Pipeline.php(127): Illuminate\\Pipeline\\Pipeline->Illuminate\\Pipeline\\{closure}(Object(Illuminate\\Http\\Request))
#48 /home/rifat/rifat/uk_client/review/backend/review-system/vendor/laravel/framework/src/Illuminate/Foundation/Http/Kernel.php(176): Illuminate\\Pipeline\\Pipeline->then(Object(Closure))
#49 /home/rifat/rifat/uk_client/review/backend/review-system/vendor/laravel/framework/src/Illuminate/Foundation/Http/Kernel.php(145): Illuminate\\Foundation\\Http\\Kernel->sendRequestThroughRouter(Object(Illuminate\\Http\\Request))
#50 /home/rifat/rifat/uk_client/review/backend/review-system/public/index.php(51): Illuminate\\Foundation\\Http\\Kernel->handle(Object(Illuminate\\Http\\Request))
#51 /home/rifat/rifat/uk_client/review/backend/review-system/server.php(21): require_once('/home/rifat/rif...')
#52 {main}

[previous exception] [object] (PDOException(code: 42S22): SQLSTATE[42S22]: Column not found: 1054 Unknown column 'severity_weight' in 'order clause' at /home/rifat/rifat/uk_client/review/backend/review-system/vendor/laravel/framework/src/Illuminate/Database/Connection.php:412)
[stacktrace]
#0 /home/rifat/rifat/uk_client/review/backend/review-system/vendor/laravel/framework/src/Illuminate/Database/Connection.php(412): PDOStatement->execute()
#1 /home/rifat/rifat/uk_client/review/backend/review-system/vendor/laravel/framework/src/Illuminate/Database/Connection.php(812): Illuminate\\Database\\Connection->Illuminate\\Database\\{closure}('select *, (JSON...', Array)
#2 /home/rifat/rifat/uk_client/review/backend/review-system/vendor/laravel/framework/src/Illuminate/Database/Connection.php(779): Illuminate\\Database\\Connection->runQueryCallback('select *, (JSON...', Array, Object(Closure))
#3 /home/rifat/rifat/uk_client/review/backend/review-system/vendor/laravel/framework/src/Illuminate/Database/Connection.php(398): Illuminate\\Database\\Connection->run('select *, (JSON...', Array, Object(Closure))
#4 /home/rifat/rifat/uk_client/review/backend/review-system/vendor/laravel/framework/src/Illuminate/Database/Query/Builder.php(3106): Illuminate\\Database\\Connection->select('select *, (JSON...', Array, true)
#5 /home/rifat/rifat/uk_client/review/backend/review-system/vendor/laravel/framework/src/Illuminate/Database/Query/Builder.php(3091): Illuminate\\Database\\Query\\Builder->runSelect()
#6 /home/rifat/rifat/uk_client/review/backend/review-system/vendor/laravel/framework/src/Illuminate/Database/Query/Builder.php(3676): Illuminate\\Database\\Query\\Builder->Illuminate\\Database\\Query\\{closure}()
#7 /home/rifat/rifat/uk_client/review/backend/review-system/vendor/laravel/framework/src/Illuminate/Database/Query/Builder.php(3090): Illuminate\\Database\\Query\\Builder->onceWithColumns(Array, Object(Closure))
#8 /home/rifat/rifat/uk_client/review/backend/review-system/vendor/laravel/framework/src/Illuminate/Database/Eloquent/Builder.php(811): Illuminate\\Database\\Query\\Builder->get(Array)
#9 /home/rifat/rifat/uk_client/review/backend/review-system/vendor/laravel/framework/src/Illuminate/Database/Eloquent/Builder.php(793): Illuminate\\Database\\Eloquent\\Builder->getModels(Array)
#10 /home/rifat/rifat/uk_client/review/backend/review-system/app/Services/AIProcessor/InsightAggregationService.php(231): Illuminate\\Database\\Eloquent\\Builder->get()
#11 /home/rifat/rifat/uk_client/review/backend/review-system/app/Services/Business/BusinessAnalyticsService.php(282): App\\Services\\AIProcessor\\InsightAggregationService->getDashboardInsights(1, 10, Array, true)
#12 /home/rifat/rifat/uk_client/review/backend/review-system/app/Services/Business/BusinessAnalyticsService.php(183): App\\Services\\Business\\BusinessAnalyticsService->extractIssuesFromRuleEngine(1, Object(Illuminate\\Database\\Eloquent\\Collection))
#13 /home/rifat/rifat/uk_client/review/backend/review-system/app/Http/Controllers/DashboardController.php(2510): App\\Services\\Business\\BusinessAnalyticsService->getAiInsightsPanel(1, Array)
#14 /home/rifat/rifat/uk_client/review/backend/review-system/vendor/laravel/framework/src/Illuminate/Routing/Controller.php(54): App\\Http\\Controllers\\DashboardController->getAiInsights(Object(Illuminate\\Http\\Request))
#15 /home/rifat/rifat/uk_client/review/backend/review-system/vendor/laravel/framework/src/Illuminate/Routing/ControllerDispatcher.php(44): Illuminate\\Routing\\Controller->callAction('getAiInsights', Array)
#16 /home/rifat/rifat/uk_client/review/backend/review-system/vendor/laravel/framework/src/Illuminate/Routing/Route.php(266): Illuminate\\Routing\\ControllerDispatcher->dispatch(Object(Illuminate\\Routing\\Route), Object(App\\Http\\Controllers\\DashboardController), 'getAiInsights')
#17 /home/rifat/rifat/uk_client/review/backend/review-system/vendor/laravel/framework/src/Illuminate/Routing/Route.php(212): Illuminate\\Routing\\Route->runController()
#18 /home/rifat/rifat/uk_client/review/backend/review-system/vendor/laravel/framework/src/Illuminate/Routing/Router.php(808): Illuminate\\Routing\\Route->run()
#19 /home/rifat/rifat/uk_client/review/backend/review-system/vendor/laravel/framework/src/Illuminate/Pipeline/Pipeline.php(170): Illuminate\\Routing\\Router->Illuminate\\Routing\\{closure}(Object(Illuminate\\Http\\Request))
#20 /home/rifat/rifat/uk_client/review/backend/review-system/vendor/laravel/framework/src/Illuminate/Routing/Middleware/SubstituteBindings.php(51): Illuminate\\Pipeline\\Pipeline->Illuminate\\Pipeline\\{closure}(Object(Illuminate\\Http\\Request))
#21 /home/rifat/rifat/uk_client/review/backend/review-system/vendor/laravel/framework/src/Illuminate/Pipeline/Pipeline.php(209): Illuminate\\Routing\\Middleware\\SubstituteBindings->handle(Object(Illuminate\\Http\\Request), Object(Closure))
#22 /home/rifat/rifat/uk_client/review/backend/review-system/vendor/laravel/framework/src/Illuminate/Auth/Middleware/Authenticate.php(64): Illuminate\\Pipeline\\Pipeline->Illuminate\\Pipeline\\{closure}(Object(Illuminate\\Http\\Request))
#23 /home/rifat/rifat/uk_client/review/backend/review-system/vendor/laravel/framework/src/Illuminate/Pipeline/Pipeline.php(209): Illuminate\\Auth\\Middleware\\Authenticate->handle(Object(Illuminate\\Http\\Request), Object(Closure), 'api')
#24 /home/rifat/rifat/uk_client/review/backend/review-system/app/Http/Middleware/FormatDatesInRequest.php(17): Illuminate\\Pipeline\\Pipeline->Illuminate\\Pipeline\\{closure}(Object(Illuminate\\Http\\Request))
#25 /home/rifat/rifat/uk_client/review/backend/review-system/vendor/laravel/framework/src/Illuminate/Pipeline/Pipeline.php(209): App\\Http\\Middleware\\FormatDatesInRequest->handle(Object(Illuminate\\Http\\Request), Object(Closure))
#26 /home/rifat/rifat/uk_client/review/backend/review-system/app/Http/Middleware/ResponseMiddleware.php(23): Illuminate\\Pipeline\\Pipeline->Illuminate\\Pipeline\\{closure}(Object(Illuminate\\Http\\Request))
#27 /home/rifat/rifat/uk_client/review/backend/review-system/vendor/laravel/framework/src/Illuminate/Pipeline/Pipeline.php(209): App\\Http\\Middleware\\ResponseMiddleware->handle(Object(Illuminate\\Http\\Request), Object(Closure))
#28 /home/rifat/rifat/uk_client/review/backend/review-system/vendor/laravel/framework/src/Illuminate/Pipeline/Pipeline.php(127): Illuminate\\Pipeline\\Pipeline->Illuminate\\Pipeline\\{closure}(Object(Illuminate\\Http\\Request))
#29 /home/rifat/rifat/uk_client/review/backend/review-system/vendor/laravel/framework/src/Illuminate/Routing/Router.php(807): Illuminate\\Pipeline\\Pipeline->then(Object(Closure))
#30 /home/rifat/rifat/uk_client/review/backend/review-system/vendor/laravel/framework/src/Illuminate/Routing/Router.php(786): Illuminate\\Routing\\Router->runRouteWithinStack(Object(Illuminate\\Routing\\Route), Object(Illuminate\\Http\\Request))
#31 /home/rifat/rifat/uk_client/review/backend/review-system/vendor/laravel/framework/src/Illuminate/Routing/Router.php(750): Illuminate\\Routing\\Router->runRoute(Object(Illuminate\\Http\\Request), Object(Illuminate\\Routing\\Route))
#32 /home/rifat/rifat/uk_client/review/backend/review-system/vendor/laravel/framework/src/Illuminate/Routing/Router.php(739): Illuminate\\Routing\\Router->dispatchToRoute(Object(Illuminate\\Http\\Request))
#33 /home/rifat/rifat/uk_client/review/backend/review-system/vendor/laravel/framework/src/Illuminate/Foundation/Http/Kernel.php(201): Illuminate\\Routing\\Router->dispatch(Object(Illuminate\\Http\\Request))
#34 /home/rifat/rifat/uk_client/review/backend/review-system/vendor/laravel/framework/src/Illuminate/Pipeline/Pipeline.php(170): Illuminate\\Foundation\\Http\\Kernel->Illuminate\\Foundation\\Http\\{closure}(Object(Illuminate\\Http\\Request))
#35 /home/rifat/rifat/uk_client/review/backend/review-system/vendor/laravel/framework/src/Illuminate/Foundation/Http/Middleware/TransformsRequest.php(21): Illuminate\\Pipeline\\Pipeline->Illuminate\\Pipeline\\{closure}(Object(Illuminate\\Http\\Request))
#36 /home/rifat/rifat/uk_client/review/backend/review-system/vendor/laravel/framework/src/Illuminate/Foundation/Http/Middleware/ConvertEmptyStringsToNull.php(31): Illuminate\\Foundation\\Http\\Middleware\\TransformsRequest->handle(Object(Illuminate\\Http\\Request), Object(Closure))
#37 /home/rifat/rifat/uk_client/review/backend/review-system/vendor/laravel/framework/src/Illuminate/Pipeline/Pipeline.php(209): Illuminate\\Foundation\\Http\\Middleware\\ConvertEmptyStringsToNull->handle(Object(Illuminate\\Http\\Request), Object(Closure))
#38 /home/rifat/rifat/uk_client/review/backend/review-system/vendor/laravel/framework/src/Illuminate/Foundation/Http/Middleware/TransformsRequest.php(21): Illuminate\\Pipeline\\Pipeline->Illuminate\\Pipeline\\{closure}(Object(Illuminate\\Http\\Request))
#39 /home/rifat/rifat/uk_client/review/backend/review-system/vendor/laravel/framework/src/Illuminate/Foundation/Http/Middleware/TrimStrings.php(51): Illuminate\\Foundation\\Http\\Middleware\\TransformsRequest->handle(Object(Illuminate\\Http\\Request), Object(Closure))
#40 /home/rifat/rifat/uk_client/review/backend/review-system/vendor/laravel/framework/src/Illuminate/Pipeline/Pipeline.php(209): Illuminate\\Foundation\\Http\\Middleware\\TrimStrings->handle(Object(Illuminate\\Http\\Request), Object(Closure))
#41 /home/rifat/rifat/uk_client/review/backend/review-system/vendor/laravel/framework/src/Illuminate/Http/Middleware/ValidatePostSize.php(27): Illuminate\\Pipeline\\Pipeline->Illuminate\\Pipeline\\{closure}(Object(Illuminate\\Http\\Request))
#42 /home/rifat/rifat/uk_client/review/backend/review-system/vendor/laravel/framework/src/Illuminate/Pipeline/Pipeline.php(209): Illuminate\\Http\\Middleware\\ValidatePostSize->handle(Object(Illuminate\\Http\\Request), Object(Closure))
#43 /home/rifat/rifat/uk_client/review/backend/review-system/vendor/laravel/framework/src/Illuminate/Foundation/Http/Middleware/PreventRequestsDuringMaintenance.php(110): Illuminate\\Pipeline\\Pipeline->Illuminate\\Pipeline\\{closure}(Object(Illuminate\\Http\\Request))
#44 /home/rifat/rifat/uk_client/review/backend/review-system/vendor/laravel/framework/src/Illuminate/Pipeline/Pipeline.php(209): Illuminate\\Foundation\\Http\\Middleware\\PreventRequestsDuringMaintenance->handle(Object(Illuminate\\Http\\Request), Object(Closure))
#45 /home/rifat/rifat/uk_client/review/backend/review-system/vendor/laravel/framework/src/Illuminate/Http/Middleware/HandleCors.php(62): Illuminate\\Pipeline\\Pipeline->Illuminate\\Pipeline\\{closure}(Object(Illuminate\\Http\\Request))
#46 /home/rifat/rifat/uk_client/review/backend/review-system/vendor/laravel/framework/src/Illuminate/Pipeline/Pipeline.php(209): Illuminate\\Http\\Middleware\\HandleCors->handle(Object(Illuminate\\Http\\Request), Object(Closure))
#47 /home/rifat/rifat/uk_client/review/backend/review-system/vendor/laravel/framework/src/Illuminate/Http/Middleware/TrustProxies.php(58): Illuminate\\Pipeline\\Pipeline->Illuminate\\Pipeline\\{closure}(Object(Illuminate\\Http\\Request))
#48 /home/rifat/rifat/uk_client/review/backend/review-system/vendor/laravel/framework/src/Illuminate/Pipeline/Pipeline.php(209): Illuminate\\Http\\Middleware\\TrustProxies->handle(Object(Illuminate\\Http\\Request), Object(Closure))
#49 /home/rifat/rifat/uk_client/review/backend/review-system/vendor/laravel/framework/src/Illuminate/Pipeline/Pipeline.php(127): Illuminate\\Pipeline\\Pipeline->Illuminate\\Pipeline\\{closure}(Object(Illuminate\\Http\\Request))
#50 /home/rifat/rifat/uk_client/review/backend/review-system/vendor/laravel/framework/src/Illuminate/Foundation/Http/Kernel.php(176): Illuminate\\Pipeline\\Pipeline->then(Object(Closure))
#51 /home/rifat/rifat/uk_client/review/backend/review-system/vendor/laravel/framework/src/Illuminate/Foundation/Http/Kernel.php(145): Illuminate\\Foundation\\Http\\Kernel->sendRequestThroughRouter(Object(Illuminate\\Http\\Request))
#52 /home/rifat/rifat/uk_client/review/backend/review-system/public/index.php(51): Illuminate\\Foundation\\Http\\Kernel->handle(Object(Illuminate\\Http\\Request))
#53 /home/rifat/rifat/uk_client/review/backend/review-system/server.php(21): require_once('/home/rifat/rif...')
#54 {main}
"} 
[2026-01-30 06:24:12] local.INFO: getStaffMetricsWithComparison result {"metrics":{"overall_rating":{"value":3.70000000000000017763568394002504646778106689453125,"change":0,"change_type":"positive","staff_count":13,"review_count":304},"overall_sentiment":{"value":59.0,"change":0,"change_type":"positive","staff_count":13,"review_count":304},"total_reviews":{"value":304,"change":304,"change_type":"positive"},"total_staff":{"value":13,"previous_value":0,"change":13,"change_type":"positive"},"period_info":{"selected_period":null,"current_period":{"staff_count":13,"review_count":304},"comparison_period":{"staff_count":0,"review_count":0}}}} 
