[2026-02-10 17:32:05] local.ERROR: syntax error, unexpected token "use" {"exception":"[object] (ParseError(code: 0): syntax error, unexpected token \"use\" at /media/mdronymia/2f07b954-9593-455e-a276-21daa6c5d9c3/Backend/review-system-self-contained/routes/api.php:336)
[stacktrace]
#0 /media/mdronymia/2f07b954-9593-455e-a276-21daa6c5d9c3/Backend/review-system-self-contained/vendor/laravel/framework/src/Illuminate/Routing/Router.php(513): Illuminate\\Routing\\RouteFileRegistrar->register()
#1 /media/mdronymia/2f07b954-9593-455e-a276-21daa6c5d9c3/Backend/review-system-self-contained/vendor/laravel/framework/src/Illuminate/Routing/Router.php(467): Illuminate\\Routing\\Router->loadRoutes()
#2 /media/mdronymia/2f07b954-9593-455e-a276-21daa6c5d9c3/Backend/review-system-self-contained/vendor/laravel/framework/src/Illuminate/Routing/RouteRegistrar.php(207): Illuminate\\Routing\\Router->group()
#3 /media/mdronymia/2f07b954-9593-455e-a276-21daa6c5d9c3/Backend/review-system-self-contained/app/Providers/RouteServiceProvider.php(44): Illuminate\\Routing\\RouteRegistrar->group()
#4 /media/mdronymia/2f07b954-9593-455e-a276-21daa6c5d9c3/Backend/review-system-self-contained/vendor/laravel/framework/src/Illuminate/Container/BoundMethod.php(36): App\\Providers\\RouteServiceProvider->App\\Providers\\{closure}()
#5 /media/mdronymia/2f07b954-9593-455e-a276-21daa6c5d9c3/Backend/review-system-self-contained/vendor/laravel/framework/src/Illuminate/Container/Util.php(43): Illuminate\\Container\\BoundMethod::Illuminate\\Container\\{closure}()
#6 /media/mdronymia/2f07b954-9593-455e-a276-21daa6c5d9c3/Backend/review-system-self-contained/vendor/laravel/framework/src/Illuminate/Container/BoundMethod.php(83): Illuminate\\Container\\Util::unwrapIfClosure()
#7 /media/mdronymia/2f07b954-9593-455e-a276-21daa6c5d9c3/Backend/review-system-self-contained/vendor/laravel/framework/src/Illuminate/Container/BoundMethod.php(35): Illuminate\\Container\\BoundMethod::callBoundMethod()
#8 /media/mdronymia/2f07b954-9593-455e-a276-21daa6c5d9c3/Backend/review-system-self-contained/vendor/laravel/framework/src/Illuminate/Container/Container.php(696): Illuminate\\Container\\BoundMethod::call()
#9 /media/mdronymia/2f07b954-9593-455e-a276-21daa6c5d9c3/Backend/review-system-self-contained/vendor/laravel/framework/src/Illuminate/Foundation/Support/Providers/RouteServiceProvider.php(166): Illuminate\\Container\\Container->call()
#10 /media/mdronymia/2f07b954-9593-455e-a276-21daa6c5d9c3/Backend/review-system-self-contained/vendor/laravel/framework/src/Illuminate/Foundation/Support/Providers/RouteServiceProvider.php(59): Illuminate\\Foundation\\Support\\Providers\\RouteServiceProvider->loadRoutes()
#11 /media/mdronymia/2f07b954-9593-455e-a276-21daa6c5d9c3/Backend/review-system-self-contained/vendor/laravel/framework/src/Illuminate/Container/BoundMethod.php(36): Illuminate\\Foundation\\Support\\Providers\\RouteServiceProvider->Illuminate\\Foundation\\Support\\Providers\\{closure}()
#12 /media/mdronymia/2f07b954-9593-455e-a276-21daa6c5d9c3/Backend/review-system-self-contained/vendor/laravel/framework/src/Illuminate/Container/Util.php(43): Illuminate\\Container\\BoundMethod::Illuminate\\Container\\{closure}()
#13 /media/mdronymia/2f07b954-9593-455e-a276-21daa6c5d9c3/Backend/review-system-self-contained/vendor/laravel/framework/src/Illuminate/Container/BoundMethod.php(83): Illuminate\\Container\\Util::unwrapIfClosure()
#14 /media/mdronymia/2f07b954-9593-455e-a276-21daa6c5d9c3/Backend/review-system-self-contained/vendor/laravel/framework/src/Illuminate/Container/BoundMethod.php(35): Illuminate\\Container\\BoundMethod::callBoundMethod()
#15 /media/mdronymia/2f07b954-9593-455e-a276-21daa6c5d9c3/Backend/review-system-self-contained/vendor/laravel/framework/src/Illuminate/Container/Container.php(696): Illuminate\\Container\\BoundMethod::call()
#16 /media/mdronymia/2f07b954-9593-455e-a276-21daa6c5d9c3/Backend/review-system-self-contained/vendor/laravel/framework/src/Illuminate/Support/ServiceProvider.php(144): Illuminate\\Container\\Container->call()
#17 /media/mdronymia/2f07b954-9593-455e-a276-21daa6c5d9c3/Backend/review-system-self-contained/vendor/laravel/framework/src/Illuminate/Foundation/Application.php(1154): Illuminate\\Support\\ServiceProvider->callBootedCallbacks()
#18 /media/mdronymia/2f07b954-9593-455e-a276-21daa6c5d9c3/Backend/review-system-self-contained/vendor/laravel/framework/src/Illuminate/Foundation/Application.php(1132): Illuminate\\Foundation\\Application->bootProvider()
#19 [internal function]: Illuminate\\Foundation\\Application->Illuminate\\Foundation\\{closure}()
#20 /media/mdronymia/2f07b954-9593-455e-a276-21daa6c5d9c3/Backend/review-system-self-contained/vendor/laravel/framework/src/Illuminate/Foundation/Application.php(1131): array_walk()
#21 /media/mdronymia/2f07b954-9593-455e-a276-21daa6c5d9c3/Backend/review-system-self-contained/vendor/laravel/framework/src/Illuminate/Foundation/Bootstrap/BootProviders.php(17): Illuminate\\Foundation\\Application->boot()
#22 /media/mdronymia/2f07b954-9593-455e-a276-21daa6c5d9c3/Backend/review-system-self-contained/vendor/laravel/framework/src/Illuminate/Foundation/Application.php(342): Illuminate\\Foundation\\Bootstrap\\BootProviders->bootstrap()
#23 /media/mdronymia/2f07b954-9593-455e-a276-21daa6c5d9c3/Backend/review-system-self-contained/vendor/laravel/framework/src/Illuminate/Foundation/Console/Kernel.php(474): Illuminate\\Foundation\\Application->bootstrapWith()
#24 /media/mdronymia/2f07b954-9593-455e-a276-21daa6c5d9c3/Backend/review-system-self-contained/vendor/laravel/framework/src/Illuminate/Foundation/Console/Kernel.php(196): Illuminate\\Foundation\\Console\\Kernel->bootstrap()
#25 Command line code(1): Illuminate\\Foundation\\Console\\Kernel->handle()
#26 {main}
"} 
[2026-02-10 17:32:05] local.ERROR: syntax error, unexpected token "use" {"exception":"[object] (ParseError(code: 0): syntax error, unexpected token \"use\" at /media/mdronymia/2f07b954-9593-455e-a276-21daa6c5d9c3/Backend/review-system-self-contained/routes/api.php:336)
[stacktrace]
#0 /media/mdronymia/2f07b954-9593-455e-a276-21daa6c5d9c3/Backend/review-system-self-contained/vendor/laravel/framework/src/Illuminate/Routing/Router.php(513): Illuminate\\Routing\\RouteFileRegistrar->register()
#1 /media/mdronymia/2f07b954-9593-455e-a276-21daa6c5d9c3/Backend/review-system-self-contained/vendor/laravel/framework/src/Illuminate/Routing/Router.php(467): Illuminate\\Routing\\Router->loadRoutes()
#2 /media/mdronymia/2f07b954-9593-455e-a276-21daa6c5d9c3/Backend/review-system-self-contained/vendor/laravel/framework/src/Illuminate/Routing/RouteRegistrar.php(207): Illuminate\\Routing\\Router->group()
#3 /media/mdronymia/2f07b954-9593-455e-a276-21daa6c5d9c3/Backend/review-system-self-contained/app/Providers/RouteServiceProvider.php(44): Illuminate\\Routing\\RouteRegistrar->group()
#4 /media/mdronymia/2f07b954-9593-455e-a276-21daa6c5d9c3/Backend/review-system-self-contained/vendor/laravel/framework/src/Illuminate/Container/BoundMethod.php(36): App\\Providers\\RouteServiceProvider->App\\Providers\\{closure}()
#5 /media/mdronymia/2f07b954-9593-455e-a276-21daa6c5d9c3/Backend/review-system-self-contained/vendor/laravel/framework/src/Illuminate/Container/Util.php(43): Illuminate\\Container\\BoundMethod::Illuminate\\Container\\{closure}()
#6 /media/mdronymia/2f07b954-9593-455e-a276-21daa6c5d9c3/Backend/review-system-self-contained/vendor/laravel/framework/src/Illuminate/Container/BoundMethod.php(83): Illuminate\\Container\\Util::unwrapIfClosure()
#7 /media/mdronymia/2f07b954-9593-455e-a276-21daa6c5d9c3/Backend/review-system-self-contained/vendor/laravel/framework/src/Illuminate/Container/BoundMethod.php(35): Illuminate\\Container\\BoundMethod::callBoundMethod()
#8 /media/mdronymia/2f07b954-9593-455e-a276-21daa6c5d9c3/Backend/review-system-self-contained/vendor/laravel/framework/src/Illuminate/Container/Container.php(696): Illuminate\\Container\\BoundMethod::call()
#9 /media/mdronymia/2f07b954-9593-455e-a276-21daa6c5d9c3/Backend/review-system-self-contained/vendor/laravel/framework/src/Illuminate/Foundation/Support/Providers/RouteServiceProvider.php(166): Illuminate\\Container\\Container->call()
#10 /media/mdronymia/2f07b954-9593-455e-a276-21daa6c5d9c3/Backend/review-system-self-contained/vendor/laravel/framework/src/Illuminate/Foundation/Support/Providers/RouteServiceProvider.php(59): Illuminate\\Foundation\\Support\\Providers\\RouteServiceProvider->loadRoutes()
#11 /media/mdronymia/2f07b954-9593-455e-a276-21daa6c5d9c3/Backend/review-system-self-contained/vendor/laravel/framework/src/Illuminate/Container/BoundMethod.php(36): Illuminate\\Foundation\\Support\\Providers\\RouteServiceProvider->Illuminate\\Foundation\\Support\\Providers\\{closure}()
#12 /media/mdronymia/2f07b954-9593-455e-a276-21daa6c5d9c3/Backend/review-system-self-contained/vendor/laravel/framework/src/Illuminate/Container/Util.php(43): Illuminate\\Container\\BoundMethod::Illuminate\\Container\\{closure}()
#13 /media/mdronymia/2f07b954-9593-455e-a276-21daa6c5d9c3/Backend/review-system-self-contained/vendor/laravel/framework/src/Illuminate/Container/BoundMethod.php(83): Illuminate\\Container\\Util::unwrapIfClosure()
#14 /media/mdronymia/2f07b954-9593-455e-a276-21daa6c5d9c3/Backend/review-system-self-contained/vendor/laravel/framework/src/Illuminate/Container/BoundMethod.php(35): Illuminate\\Container\\BoundMethod::callBoundMethod()
#15 /media/mdronymia/2f07b954-9593-455e-a276-21daa6c5d9c3/Backend/review-system-self-contained/vendor/laravel/framework/src/Illuminate/Container/Container.php(696): Illuminate\\Container\\BoundMethod::call()
#16 /media/mdronymia/2f07b954-9593-455e-a276-21daa6c5d9c3/Backend/review-system-self-contained/vendor/laravel/framework/src/Illuminate/Support/ServiceProvider.php(144): Illuminate\\Container\\Container->call()
#17 /media/mdronymia/2f07b954-9593-455e-a276-21daa6c5d9c3/Backend/review-system-self-contained/vendor/laravel/framework/src/Illuminate/Foundation/Application.php(1154): Illuminate\\Support\\ServiceProvider->callBootedCallbacks()
#18 /media/mdronymia/2f07b954-9593-455e-a276-21daa6c5d9c3/Backend/review-system-self-contained/vendor/laravel/framework/src/Illuminate/Foundation/Application.php(1132): Illuminate\\Foundation\\Application->bootProvider()
#19 [internal function]: Illuminate\\Foundation\\Application->Illuminate\\Foundation\\{closure}()
#20 /media/mdronymia/2f07b954-9593-455e-a276-21daa6c5d9c3/Backend/review-system-self-contained/vendor/laravel/framework/src/Illuminate/Foundation/Application.php(1131): array_walk()
#21 /media/mdronymia/2f07b954-9593-455e-a276-21daa6c5d9c3/Backend/review-system-self-contained/vendor/laravel/framework/src/Illuminate/Foundation/Bootstrap/BootProviders.php(17): Illuminate\\Foundation\\Application->boot()
#22 /media/mdronymia/2f07b954-9593-455e-a276-21daa6c5d9c3/Backend/review-system-self-contained/vendor/laravel/framework/src/Illuminate/Foundation/Application.php(342): Illuminate\\Foundation\\Bootstrap\\BootProviders->bootstrap()
#23 /media/mdronymia/2f07b954-9593-455e-a276-21daa6c5d9c3/Backend/review-system-self-contained/vendor/laravel/framework/src/Illuminate/Foundation/Console/Kernel.php(474): Illuminate\\Foundation\\Application->bootstrapWith()
#24 /media/mdronymia/2f07b954-9593-455e-a276-21daa6c5d9c3/Backend/review-system-self-contained/vendor/laravel/framework/src/Illuminate/Foundation/Console/Kernel.php(196): Illuminate\\Foundation\\Console\\Kernel->bootstrap()
#25 Command line code(1): Illuminate\\Foundation\\Console\\Kernel->handle()
#26 {main}
"} 
