[2026-01-29 11:53:15] local.ERROR: syntax error, unexpected identifier "urlencode" {"exception":"[object] (ParseError(code: 0): syntax error, unexpected identifier \"urlencode\" at /media/mdronymia/2f07b954-9593-455e-a276-21daa6c5d9c3/Backend/review-system-self-contained/routes/web.php:213)
[stacktrace]
#0 /media/mdronymia/2f07b954-9593-455e-a276-21daa6c5d9c3/Backend/review-system-self-contained/vendor/laravel/framework/src/Illuminate/Routing/Router.php(513): Illuminate\\Routing\\RouteFileRegistrar->register()
#1 /media/mdronymia/2f07b954-9593-455e-a276-21daa6c5d9c3/Backend/review-system-self-contained/vendor/laravel/framework/src/Illuminate/Routing/Router.php(467): Illuminate\\Routing\\Router->loadRoutes()
#2 /media/mdronymia/2f07b954-9593-455e-a276-21daa6c5d9c3/Backend/review-system-self-contained/vendor/laravel/framework/src/Illuminate/Routing/RouteRegistrar.php(207): Illuminate\\Routing\\Router->group()
#3 /media/mdronymia/2f07b954-9593-455e-a276-21daa6c5d9c3/Backend/review-system-self-contained/app/Providers/RouteServiceProvider.php(48): Illuminate\\Routing\\RouteRegistrar->group()
#4 /media/mdronymia/2f07b954-9593-455e-a276-21daa6c5d9c3/Backend/review-system-self-contained/vendor/laravel/framework/src/Illuminate/Container/BoundMethod.php(36): App\\Providers\\RouteServiceProvider->App\\Providers\\{closure}()
#5 /media/mdronymia/2f07b954-9593-455e-a276-21daa6c5d9c3/Backend/review-system-self-contained/vendor/laravel/framework/src/Illuminate/Container/Util.php(43): Illuminate\\Container\\BoundMethod::Illuminate\\Container\\{closure}()
#6 /media/mdronymia/2f07b954-9593-455e-a276-21daa6c5d9c3/Backend/review-system-self-contained/vendor/laravel/framework/src/Illuminate/Container/BoundMethod.php(83): Illuminate\\Container\\Util::unwrapIfClosure()
#7 /media/mdronymia/2f07b954-9593-455e-a276-21daa6c5d9c3/Backend/review-system-self-contained/vendor/laravel/framework/src/Illuminate/Container/BoundMethod.php(35): Illuminate\\Container\\BoundMethod::callBoundMethod()
#8 /media/mdronymia/2f07b954-9593-455e-a276-21daa6c5d9c3/Backend/review-system-self-contained/vendor/laravel/framework/src/Illuminate/Container/Container.php(696): Illuminate\\Container\\BoundMethod::call()
#9 /media/mdronymia/2f07b954-9593-455e-a276-21daa6c5d9c3/Backend/review-system-self-contained/vendor/laravel/framework/src/Illuminate/Foundation/Support/Providers/RouteServiceProvider.php(166): Illuminate\\Container\\Container->call()
#10 /media/mdronymia/2f07b954-9593-455e-a276-21daa6c5d9c3/Backend/review-system-self-contained/vendor/laravel/framework/src/Illuminate/Foundation/Support/Providers/RouteServiceProvider.php(59): Illuminate\\Foundation\\Support\\Providers\\RouteServiceProvider->loadRoutes()
#11 /media/mdronymia/2f07b954-9593-455e-a276-21daa6c5d9c3/Backend/review-system-self-contained/vendor/laravel/framework/src/Illuminate/Container/BoundMethod.php(36): Illuminate\\Foundation\\Support\\Providers\\RouteServiceProvider->Illuminate\\Foundation\\Support\\Providers\\{closure}()
#12 /media/mdronymia/2f07b954-9593-455e-a276-21daa6c5d9c3/Backend/review-system-self-contained/vendor/laravel/framework/src/Illuminate/Container/Util.php(43): Illuminate\\Container\\BoundMethod::Illuminate\\Container\\{closure}()
#13 /media/mdronymia/2f07b954-9593-455e-a276-21daa6c5d9c3/Backend/review-system-self-contained/vendor/laravel/framework/src/Illuminate/Container/BoundMethod.php(83): Illuminate\\Container\\Util::unwrapIfClosure()
#14 /media/mdronymia/2f07b954-9593-455e-a276-21daa6c5d9c3/Backend/review-system-self-contained/vendor/laravel/framework/src/Illuminate/Container/BoundMethod.php(35): Illuminate\\Container\\BoundMethod::callBoundMethod()
#15 /media/mdronymia/2f07b954-9593-455e-a276-21daa6c5d9c3/Backend/review-system-self-contained/vendor/laravel/framework/src/Illuminate/Container/Container.php(696): Illuminate\\Container\\BoundMethod::call()
#16 /media/mdronymia/2f07b954-9593-455e-a276-21daa6c5d9c3/Backend/review-system-self-contained/vendor/laravel/framework/src/Illuminate/Support/ServiceProvider.php(144): Illuminate\\Container\\Container->call()
#17 /media/mdronymia/2f07b954-9593-455e-a276-21daa6c5d9c3/Backend/review-system-self-contained/vendor/laravel/framework/src/Illuminate/Foundation/Application.php(1154): Illuminate\\Support\\ServiceProvider->callBootedCallbacks()
#18 /media/mdronymia/2f07b954-9593-455e-a276-21daa6c5d9c3/Backend/review-system-self-contained/vendor/laravel/framework/src/Illuminate/Foundation/Application.php(1132): Illuminate\\Foundation\\Application->bootProvider()
#19 [internal function]: Illuminate\\Foundation\\Application->Illuminate\\Foundation\\{closure}()
#20 /media/mdronymia/2f07b954-9593-455e-a276-21daa6c5d9c3/Backend/review-system-self-contained/vendor/laravel/framework/src/Illuminate/Foundation/Application.php(1131): array_walk()
#21 /media/mdronymia/2f07b954-9593-455e-a276-21daa6c5d9c3/Backend/review-system-self-contained/vendor/laravel/framework/src/Illuminate/Foundation/Bootstrap/BootProviders.php(17): Illuminate\\Foundation\\Application->boot()
#22 /media/mdronymia/2f07b954-9593-455e-a276-21daa6c5d9c3/Backend/review-system-self-contained/vendor/laravel/framework/src/Illuminate/Foundation/Application.php(342): Illuminate\\Foundation\\Bootstrap\\BootProviders->bootstrap()
#23 /media/mdronymia/2f07b954-9593-455e-a276-21daa6c5d9c3/Backend/review-system-self-contained/vendor/laravel/framework/src/Illuminate/Foundation/Console/Kernel.php(474): Illuminate\\Foundation\\Application->bootstrapWith()
#24 /media/mdronymia/2f07b954-9593-455e-a276-21daa6c5d9c3/Backend/review-system-self-contained/vendor/laravel/framework/src/Illuminate/Foundation/Console/Kernel.php(196): Illuminate\\Foundation\\Console\\Kernel->bootstrap()
#25 Command line code(1): Illuminate\\Foundation\\Console\\Kernel->handle()
#26 {main}
"} 
[2026-01-29 11:53:15] local.ERROR: syntax error, unexpected identifier "urlencode" {"exception":"[object] (ParseError(code: 0): syntax error, unexpected identifier \"urlencode\" at /media/mdronymia/2f07b954-9593-455e-a276-21daa6c5d9c3/Backend/review-system-self-contained/routes/web.php:213)
[stacktrace]
#0 /media/mdronymia/2f07b954-9593-455e-a276-21daa6c5d9c3/Backend/review-system-self-contained/vendor/laravel/framework/src/Illuminate/Routing/Router.php(513): Illuminate\\Routing\\RouteFileRegistrar->register()
#1 /media/mdronymia/2f07b954-9593-455e-a276-21daa6c5d9c3/Backend/review-system-self-contained/vendor/laravel/framework/src/Illuminate/Routing/Router.php(467): Illuminate\\Routing\\Router->loadRoutes()
#2 /media/mdronymia/2f07b954-9593-455e-a276-21daa6c5d9c3/Backend/review-system-self-contained/vendor/laravel/framework/src/Illuminate/Routing/RouteRegistrar.php(207): Illuminate\\Routing\\Router->group()
#3 /media/mdronymia/2f07b954-9593-455e-a276-21daa6c5d9c3/Backend/review-system-self-contained/app/Providers/RouteServiceProvider.php(48): Illuminate\\Routing\\RouteRegistrar->group()
#4 /media/mdronymia/2f07b954-9593-455e-a276-21daa6c5d9c3/Backend/review-system-self-contained/vendor/laravel/framework/src/Illuminate/Container/BoundMethod.php(36): App\\Providers\\RouteServiceProvider->App\\Providers\\{closure}()
#5 /media/mdronymia/2f07b954-9593-455e-a276-21daa6c5d9c3/Backend/review-system-self-contained/vendor/laravel/framework/src/Illuminate/Container/Util.php(43): Illuminate\\Container\\BoundMethod::Illuminate\\Container\\{closure}()
#6 /media/mdronymia/2f07b954-9593-455e-a276-21daa6c5d9c3/Backend/review-system-self-contained/vendor/laravel/framework/src/Illuminate/Container/BoundMethod.php(83): Illuminate\\Container\\Util::unwrapIfClosure()
#7 /media/mdronymia/2f07b954-9593-455e-a276-21daa6c5d9c3/Backend/review-system-self-contained/vendor/laravel/framework/src/Illuminate/Container/BoundMethod.php(35): Illuminate\\Container\\BoundMethod::callBoundMethod()
#8 /media/mdronymia/2f07b954-9593-455e-a276-21daa6c5d9c3/Backend/review-system-self-contained/vendor/laravel/framework/src/Illuminate/Container/Container.php(696): Illuminate\\Container\\BoundMethod::call()
#9 /media/mdronymia/2f07b954-9593-455e-a276-21daa6c5d9c3/Backend/review-system-self-contained/vendor/laravel/framework/src/Illuminate/Foundation/Support/Providers/RouteServiceProvider.php(166): Illuminate\\Container\\Container->call()
#10 /media/mdronymia/2f07b954-9593-455e-a276-21daa6c5d9c3/Backend/review-system-self-contained/vendor/laravel/framework/src/Illuminate/Foundation/Support/Providers/RouteServiceProvider.php(59): Illuminate\\Foundation\\Support\\Providers\\RouteServiceProvider->loadRoutes()
#11 /media/mdronymia/2f07b954-9593-455e-a276-21daa6c5d9c3/Backend/review-system-self-contained/vendor/laravel/framework/src/Illuminate/Container/BoundMethod.php(36): Illuminate\\Foundation\\Support\\Providers\\RouteServiceProvider->Illuminate\\Foundation\\Support\\Providers\\{closure}()
#12 /media/mdronymia/2f07b954-9593-455e-a276-21daa6c5d9c3/Backend/review-system-self-contained/vendor/laravel/framework/src/Illuminate/Container/Util.php(43): Illuminate\\Container\\BoundMethod::Illuminate\\Container\\{closure}()
#13 /media/mdronymia/2f07b954-9593-455e-a276-21daa6c5d9c3/Backend/review-system-self-contained/vendor/laravel/framework/src/Illuminate/Container/BoundMethod.php(83): Illuminate\\Container\\Util::unwrapIfClosure()
#14 /media/mdronymia/2f07b954-9593-455e-a276-21daa6c5d9c3/Backend/review-system-self-contained/vendor/laravel/framework/src/Illuminate/Container/BoundMethod.php(35): Illuminate\\Container\\BoundMethod::callBoundMethod()
#15 /media/mdronymia/2f07b954-9593-455e-a276-21daa6c5d9c3/Backend/review-system-self-contained/vendor/laravel/framework/src/Illuminate/Container/Container.php(696): Illuminate\\Container\\BoundMethod::call()
#16 /media/mdronymia/2f07b954-9593-455e-a276-21daa6c5d9c3/Backend/review-system-self-contained/vendor/laravel/framework/src/Illuminate/Support/ServiceProvider.php(144): Illuminate\\Container\\Container->call()
#17 /media/mdronymia/2f07b954-9593-455e-a276-21daa6c5d9c3/Backend/review-system-self-contained/vendor/laravel/framework/src/Illuminate/Foundation/Application.php(1154): Illuminate\\Support\\ServiceProvider->callBootedCallbacks()
#18 /media/mdronymia/2f07b954-9593-455e-a276-21daa6c5d9c3/Backend/review-system-self-contained/vendor/laravel/framework/src/Illuminate/Foundation/Application.php(1132): Illuminate\\Foundation\\Application->bootProvider()
#19 [internal function]: Illuminate\\Foundation\\Application->Illuminate\\Foundation\\{closure}()
#20 /media/mdronymia/2f07b954-9593-455e-a276-21daa6c5d9c3/Backend/review-system-self-contained/vendor/laravel/framework/src/Illuminate/Foundation/Application.php(1131): array_walk()
#21 /media/mdronymia/2f07b954-9593-455e-a276-21daa6c5d9c3/Backend/review-system-self-contained/vendor/laravel/framework/src/Illuminate/Foundation/Bootstrap/BootProviders.php(17): Illuminate\\Foundation\\Application->boot()
#22 /media/mdronymia/2f07b954-9593-455e-a276-21daa6c5d9c3/Backend/review-system-self-contained/vendor/laravel/framework/src/Illuminate/Foundation/Application.php(342): Illuminate\\Foundation\\Bootstrap\\BootProviders->bootstrap()
#23 /media/mdronymia/2f07b954-9593-455e-a276-21daa6c5d9c3/Backend/review-system-self-contained/vendor/laravel/framework/src/Illuminate/Foundation/Console/Kernel.php(474): Illuminate\\Foundation\\Application->bootstrapWith()
#24 /media/mdronymia/2f07b954-9593-455e-a276-21daa6c5d9c3/Backend/review-system-self-contained/vendor/laravel/framework/src/Illuminate/Foundation/Console/Kernel.php(196): Illuminate\\Foundation\\Console\\Kernel->bootstrap()
#25 Command line code(1): Illuminate\\Foundation\\Console\\Kernel->handle()
#26 {main}
"} 
[2026-01-29 16:44:31] local.ERROR: PHP Parse error: Syntax error, unexpected ')' on line 1 {"exception":"[object] (Psy\\Exception\\ParseErrorException(code: 0): PHP Parse error: Syntax error, unexpected ')' on line 1 at /home/rifat/rifat/uk_client/review/backend/review-system/vendor/psy/psysh/src/Exception/ParseErrorException.php:44)
[stacktrace]
#0 /home/rifat/rifat/uk_client/review/backend/review-system/vendor/psy/psysh/src/CodeCleaner.php(488): Psy\\Exception\\ParseErrorException::fromParseError(Object(PhpParser\\Error))
#1 /home/rifat/rifat/uk_client/review/backend/review-system/vendor/psy/psysh/src/CodeCleaner.php(269): Psy\\CodeCleaner->parse('<?php foreach(A...', false)
#2 /home/rifat/rifat/uk_client/review/backend/review-system/vendor/psy/psysh/src/Shell.php(985): Psy\\CodeCleaner->clean(Array, false)
#3 /home/rifat/rifat/uk_client/review/backend/review-system/vendor/psy/psysh/src/Shell.php(1018): Psy\\Shell->addCode('foreach(App\\\\Mod...', true)
#4 /home/rifat/rifat/uk_client/review/backend/review-system/vendor/psy/psysh/src/Shell.php(1562): Psy\\Shell->setCode('foreach(App\\\\Mod...', true)
#5 /home/rifat/rifat/uk_client/review/backend/review-system/vendor/laravel/tinker/src/Console/TinkerCommand.php(76): Psy\\Shell->execute('foreach(App\\\\Mod...')
#6 /home/rifat/rifat/uk_client/review/backend/review-system/vendor/laravel/framework/src/Illuminate/Container/BoundMethod.php(36): Laravel\\Tinker\\Console\\TinkerCommand->handle()
#7 /home/rifat/rifat/uk_client/review/backend/review-system/vendor/laravel/framework/src/Illuminate/Container/Util.php(43): Illuminate\\Container\\BoundMethod::Illuminate\\Container\\{closure}()
#8 /home/rifat/rifat/uk_client/review/backend/review-system/vendor/laravel/framework/src/Illuminate/Container/BoundMethod.php(95): Illuminate\\Container\\Util::unwrapIfClosure(Object(Closure))
#9 /home/rifat/rifat/uk_client/review/backend/review-system/vendor/laravel/framework/src/Illuminate/Container/BoundMethod.php(35): Illuminate\\Container\\BoundMethod::callBoundMethod(Object(Illuminate\\Foundation\\Application), Array, Object(Closure))
#10 /home/rifat/rifat/uk_client/review/backend/review-system/vendor/laravel/framework/src/Illuminate/Container/Container.php(696): Illuminate\\Container\\BoundMethod::call(Object(Illuminate\\Foundation\\Application), Array, Array, NULL)
#11 /home/rifat/rifat/uk_client/review/backend/review-system/vendor/laravel/framework/src/Illuminate/Console/Command.php(213): Illuminate\\Container\\Container->call(Array)
#12 /home/rifat/rifat/uk_client/review/backend/review-system/vendor/symfony/console/Command/Command.php(341): Illuminate\\Console\\Command->execute(Object(Symfony\\Component\\Console\\Input\\ArgvInput), Object(Illuminate\\Console\\OutputStyle))
#13 /home/rifat/rifat/uk_client/review/backend/review-system/vendor/laravel/framework/src/Illuminate/Console/Command.php(182): Symfony\\Component\\Console\\Command\\Command->run(Object(Symfony\\Component\\Console\\Input\\ArgvInput), Object(Illuminate\\Console\\OutputStyle))
#14 /home/rifat/rifat/uk_client/review/backend/review-system/vendor/symfony/console/Application.php(1102): Illuminate\\Console\\Command->run(Object(Symfony\\Component\\Console\\Input\\ArgvInput), Object(Symfony\\Component\\Console\\Output\\ConsoleOutput))
#15 /home/rifat/rifat/uk_client/review/backend/review-system/vendor/symfony/console/Application.php(356): Symfony\\Component\\Console\\Application->doRunCommand(Object(Laravel\\Tinker\\Console\\TinkerCommand), Object(Symfony\\Component\\Console\\Input\\ArgvInput), Object(Symfony\\Component\\Console\\Output\\ConsoleOutput))
#16 /home/rifat/rifat/uk_client/review/backend/review-system/vendor/symfony/console/Application.php(195): Symfony\\Component\\Console\\Application->doRun(Object(Symfony\\Component\\Console\\Input\\ArgvInput), Object(Symfony\\Component\\Console\\Output\\ConsoleOutput))
#17 /home/rifat/rifat/uk_client/review/backend/review-system/vendor/laravel/framework/src/Illuminate/Foundation/Console/Kernel.php(198): Symfony\\Component\\Console\\Application->run(Object(Symfony\\Component\\Console\\Input\\ArgvInput), Object(Symfony\\Component\\Console\\Output\\ConsoleOutput))
#18 /home/rifat/rifat/uk_client/review/backend/review-system/artisan(35): Illuminate\\Foundation\\Console\\Kernel->handle(Object(Symfony\\Component\\Console\\Input\\ArgvInput), Object(Symfony\\Component\\Console\\Output\\ConsoleOutput))
#19 {main}
"} 
